[2022-05-27T21:43:22.054] [WARN] warning - [GET]=> /register-error 
[2022-05-27T21:44:46.686] [WARN] warning - [GET]=> /register-error 
[2022-05-27T21:54:16.602] [WARN] warning - [POST]=> /api/auth/logout 
[2022-05-27T21:54:33.171] [WARN] warning - [POST]=> /api//logout 
[2022-05-27T21:54:39.741] [WARN] warning - [POST]=> /logout 
[2022-05-27T21:55:02.938] [WARN] warning - [POST]=> /logout 
[2022-05-27T21:55:11.547] [WARN] warning - [GET]=> /register-error 
[2022-05-28T18:44:41.835] [WARN] warning - [POST]=> //api/productos/populate 
[2022-05-29T18:02:19.087] [WARN] warning - [GET]=> /login-error 
[2022-05-29T18:02:26.185] [WARN] warning - [GET]=> /favicon.ico 
[2022-05-29T18:02:41.498] [WARN] warning - [GET]=> /login-error 
[2022-05-29T18:03:08.763] [WARN] warning - [GET]=> /favicon.ico 
[2022-05-29T18:03:13.267] [WARN] warning - [GET]=> /favicon.ico 
[2022-05-29T18:03:15.867] [WARN] warning - [GET]=> /favicon.ico 
[2022-05-29T18:05:27.314] [WARN] warning - [GET]=> /login-error 
[2022-05-29T18:05:45.967] [WARN] warning - [GET]=> /login-error 
[2022-05-29T18:05:54.086] [WARN] warning - [GET]=> /favicon.ico 
[2022-05-29T18:33:56.024] [WARN] warning - [GET]=> /favicon.ico 
[2022-05-31T09:18:33.276] [WARN] warning - [GET]=> /favicon.ico 
[2022-06-01T09:45:05.109] [WARN] warning - [GET]=> /login-error 
[2022-06-01T11:18:31.049] [WARN] warning - [GET]=> /favicon.ico 
[2022-06-01T11:18:35.659] [WARN] warning - [GET]=> /favicon.ico 
[2022-06-01T11:18:53.796] [WARN] warning - [GET]=> /favicon.ico 
[2022-06-01T11:19:54.217] [WARN] warning - [GET]=> /favicon.ico 
[2022-06-01T11:20:04.298] [WARN] warning - [GET]=> /favicon.ico 
[2022-06-01T11:23:46.181] [WARN] warning - [GET]=> /login-error 
[2022-06-01T11:42:03.851] [WARN] warning - [GET]=> /api/cart 
[2022-06-01T11:42:35.586] [WARN] warning - [POST]=> /api/carrito 
[2022-06-01T12:02:03.712] [WARN] warning - [GET]=> /favicon.ico 
[2022-06-01T12:02:51.963] [WARN] warning - [GET]=> //api/productos/ 
[2022-06-01T12:14:33.747] [WARN] warning - [GET]=> /api/carrito 
[2022-06-01T22:03:03.314] [WARN] warning - [POST]=> /api/products/populate 
[2022-06-01T22:03:28.470] [WARN] warning - [POST]=> /api/productos/populate 
